<?xml version="1.0" encoding="UTF-8"?>
<testng-results ignored="0" total="2" passed="2" failed="0" skipped="0">
  <reporter-output>
  </reporter-output>
  <suite started-at="2024-08-21T09:43:02 IST" name="Suite" finished-at="2024-08-21T09:43:17 IST" duration-ms="15536">
    <groups>
    </groups>
    <test started-at="2024-08-21T09:43:02 IST" name="Test" finished-at="2024-08-21T09:43:17 IST" duration-ms="15536">
      <class name="com.testng.ParallelTest">
        <test-method signature="launchWithGoogle()[pri:0, instance:com.testng.ParallelTest@12aba8be]" started-at="2024-08-21T09:43:02 IST" name="launchWithGoogle" finished-at="2024-08-21T09:43:17 IST" duration-ms="15433" status="PASS">
          <reporter-output>
          </reporter-output>
        </test-method> <!-- launchWithGoogle -->
        <test-method signature="launchwithWhatsapp()[pri:0, instance:com.testng.ParallelTest@12aba8be]" started-at="2024-08-21T09:43:02 IST" name="launchwithWhatsapp" finished-at="2024-08-21T09:43:15 IST" duration-ms="12837" status="PASS">
          <reporter-output>
          </reporter-output>
        </test-method> <!-- launchwithWhatsapp -->
      </class> <!-- com.testng.ParallelTest -->
    </test> <!-- Test -->
  </suite> <!-- Suite -->
</testng-results>
